<?xml version="1.0" encoding="UTF-8"?>
<!-- Generated by org.testng.reporters.JUnitReportReporter -->
<testsuite skipped="0" hostname="LAPTOP-BHIJSQMG" name="pkg1.NewTest" tests="1" failures="0" timestamp="2020-06-13T15:30:06 IST" time="0.011" errors="0">
  <testcase name="f" time="0.011" classname="pkg1.NewTest"/>
  <system-out/>
</testsuite> <!-- pkg1.NewTest -->
