<?xml version="1.0" encoding="UTF-8"?>
<!-- Generated by org.testng.reporters.JUnitReportReporter -->
<testsuite skipped="0" hostname="LAPTOP-BHIJSQMG" name="pkg1.NewTest" tests="1" failures="0" timestamp="2020-06-14T11:19:52 IST" time="10.816" errors="0">
  <testcase name="f" time="10.816" classname="pkg1.NewTest"/>
  <system-out/>
</testsuite> <!-- pkg1.NewTest -->
